<?xml version="1.0" encoding="UTF-8"?>
<!-- Generated by org.testng.reporters.JUnitXMLReporter -->
<testsuite hostname="AT-ESLap12" ignored="0" name="Test" tests="4" failures="0" timestamp="20 Dec 2020 13:29:48 GMT" time="0.052" errors="0">
  <testcase name="forthTest" time="0.009" classname="testcases.ForthTest"/>
  <testcase name="firstTest" time="0.004" classname="testcases.FirstTest"/>
  <testcase name="secondTest" time="0.002" classname="testcases.SecondTest"/>
  <testcase name="thirdTest" time="0.002" classname="testcases.ThirdTest"/>
</testsuite> <!-- Test -->
