<?xml version="1.0" encoding="UTF-8"?>
<!-- Generated by org.testng.reporters.JUnitXMLReporter -->
<testsuite hostname="AT-ESLap12" ignored="0" name="Command line test" tests="4" failures="0" timestamp="20 Dec 2020 13:39:38 GMT" time="0.052" errors="0">
  <testcase name="firstTest" time="0.014" classname="testcases.FirstTest"/>
  <testcase name="forthTest" time="0.0" classname="testcases.ForthTest"/>
  <testcase name="secondTest" time="0.001" classname="testcases.SecondTest"/>
  <testcase name="thirdTest" time="0.0" classname="testcases.ThirdTest"/>
</testsuite> <!-- Command line test -->
