<?xml version="1.0" encoding="UTF-8"?>
<testng-results skipped="0" failed="0" ignored="0" total="4" passed="4">
  <reporter-output>
  </reporter-output>
  <suite name="Suite" duration-ms="85" started-at="2020-12-20T14:37:27Z" finished-at="2020-12-20T14:37:27Z">
    <groups>
    </groups>
    <test name="first test" duration-ms="32" started-at="2020-12-20T14:37:27Z" finished-at="2020-12-20T14:37:27Z">
      <class name="testcases.FirstTest">
        <test-method status="PASS" signature="firstTest()[pri:0, instance:testcases.FirstTest@61a52fbd]" name="firstTest" duration-ms="9" started-at="2020-12-20T14:37:27Z" finished-at="2020-12-20T14:37:27Z">
          <reporter-output>
          </reporter-output>
        </test-method> <!-- firstTest -->
      </class> <!-- testcases.FirstTest -->
    </test> <!-- first test -->
    <test name="second test" duration-ms="1" started-at="2020-12-20T14:37:27Z" finished-at="2020-12-20T14:37:27Z">
      <class name="testcases.SecondTest">
        <test-method status="PASS" signature="secondTest()[pri:0, instance:testcases.SecondTest@4ec6a292]" name="secondTest" duration-ms="0" started-at="2020-12-20T14:37:27Z" finished-at="2020-12-20T14:37:27Z">
          <reporter-output>
          </reporter-output>
        </test-method> <!-- secondTest -->
      </class> <!-- testcases.SecondTest -->
    </test> <!-- second test -->
    <test name="third test" duration-ms="1" started-at="2020-12-20T14:37:27Z" finished-at="2020-12-20T14:37:27Z">
      <class name="testcases.ThirdTest">
        <test-method status="PASS" signature="thirdTest()[pri:0, instance:testcases.ThirdTest@19bb089b]" name="thirdTest" duration-ms="1" started-at="2020-12-20T14:37:27Z" finished-at="2020-12-20T14:37:27Z">
          <reporter-output>
          </reporter-output>
        </test-method> <!-- thirdTest -->
      </class> <!-- testcases.ThirdTest -->
    </test> <!-- third test -->
    <test name="forth test" duration-ms="0" started-at="2020-12-20T14:37:27Z" finished-at="2020-12-20T14:37:27Z">
      <class name="testcases.ForthTest">
        <test-method status="PASS" signature="forthTest()[pri:0, instance:testcases.ForthTest@66d33a]" name="forthTest" duration-ms="0" started-at="2020-12-20T14:37:27Z" finished-at="2020-12-20T14:37:27Z">
          <reporter-output>
          </reporter-output>
        </test-method> <!-- forthTest -->
      </class> <!-- testcases.ForthTest -->
    </test> <!-- forth test -->
  </suite> <!-- Suite -->
</testng-results>
